### CLEAN single ###
/Users/hans.chen/miniforge3/envs/microdrone-wm/lib/python3.12/site-packages/gym_pybullet_drones/envs/BaseAviary.py:7: UserWarning: pkg_resources is deprecated as an API. See https://setuptools.pypa.io/en/latest/pkg_resources.html. The pkg_resources package is slated for removal as early as 2025-11-30. Refrain from using this package or pin to Setuptools<81.
  import pkg_resources
pybullet build time: Oct 21 2025 16:30:45
/Users/hans.chen/miniforge3/envs/microdrone-wm/lib/python3.12/site-packages/gymnasium/spaces/box.py:236: UserWarning: [33mWARN: Box low's precision lowered by casting to float32, current low.dtype=float64[0m
  gym.logger.warn(
/Users/hans.chen/miniforge3/envs/microdrone-wm/lib/python3.12/site-packages/gymnasium/spaces/box.py:306: UserWarning: [33mWARN: Box high's precision lowered by casting to float32, current high.dtype=float64[0m
  gym.logger.warn(
[INFO] BaseAviary.__init__() loaded parameters from the drone's .urdf:
[INFO] m 0.027000, L 0.039700,
[INFO] ixx 0.000014, iyy 0.000014, izz 0.000022,
[INFO] kf 3.160000e-10, km 7.940000e-12,
[INFO] t2w 2.250000, max_speed_kmh 30.000000,
[INFO] gnd_eff_coeff 11.368590, prop_radius 0.023135,
[INFO] drag_xy_coeff 0.000001, drag_z_coeff 0.000001,
[INFO] dw_coeff_1 2267.180000, dw_coeff_2 0.160000, dw_coeff_3 -0.110000
  frontier/single seed 300000: cov 0.85 complete=0 return=0 crash=0 steps_to_cover=-1
  frontier/single seed 300001: cov 0.84 complete=0 return=0 crash=0 steps_to_cover=-1
  frontier/single seed 300002: cov 0.76 complete=0 return=0 crash=0 steps_to_cover=-1
  frontier/single seed 300003: cov 0.91 complete=0 return=0 crash=0 steps_to_cover=-1
  frontier/single seed 300004: cov 0.76 complete=0 return=0 crash=0 steps_to_cover=-1
  frontier/single seed 300005: cov 0.74 complete=0 return=0 crash=0 steps_to_cover=-1
  frontier/single seed 300006: cov 0.66 complete=0 return=0 crash=0 steps_to_cover=-1
  frontier/single seed 300007: cov 0.84 complete=0 return=0 crash=0 steps_to_cover=-1
  frontier/single seed 300008: cov 0.77 complete=0 return=0 crash=0 steps_to_cover=-1
  frontier/single seed 300009: cov 0.80 complete=0 return=0 crash=1 steps_to_cover=-1
  frontier/single seed 300010: cov 0.78 complete=0 return=0 crash=0 steps_to_cover=-1
  frontier/single seed 300011: cov 0.79 complete=0 return=0 crash=0 steps_to_cover=-1

[coverage] frontier/single n=12 thr=0.99
  coverage 0.792 | complete 0.000 | return|done 0.000 | collision 0.083 | steps_to_cover(med) -1
[coverage] wrote experiments/coverage_v1/ceiling_frontier_single.json
### CLUTTER n_room(3,clutter=2) ###
/Users/hans.chen/miniforge3/envs/microdrone-wm/lib/python3.12/site-packages/gym_pybullet_drones/envs/BaseAviary.py:7: UserWarning: pkg_resources is deprecated as an API. See https://setuptools.pypa.io/en/latest/pkg_resources.html. The pkg_resources package is slated for removal as early as 2025-11-30. Refrain from using this package or pin to Setuptools<81.
  import pkg_resources
pybullet build time: Oct 21 2025 16:30:45
/Users/hans.chen/miniforge3/envs/microdrone-wm/lib/python3.12/site-packages/gymnasium/spaces/box.py:236: UserWarning: [33mWARN: Box low's precision lowered by casting to float32, current low.dtype=float64[0m
  gym.logger.warn(
/Users/hans.chen/miniforge3/envs/microdrone-wm/lib/python3.12/site-packages/gymnasium/spaces/box.py:306: UserWarning: [33mWARN: Box high's precision lowered by casting to float32, current high.dtype=float64[0m
  gym.logger.warn(
[INFO] BaseAviary.__init__() loaded parameters from the drone's .urdf:
[INFO] m 0.027000, L 0.039700,
[INFO] ixx 0.000014, iyy 0.000014, izz 0.000022,
[INFO] kf 3.160000e-10, km 7.940000e-12,
[INFO] t2w 2.250000, max_speed_kmh 30.000000,
[INFO] gnd_eff_coeff 11.368590, prop_radius 0.023135,
[INFO] drag_xy_coeff 0.000001, drag_z_coeff 0.000001,
[INFO] dw_coeff_1 2267.180000, dw_coeff_2 0.160000, dw_coeff_3 -0.110000
  frontier/clutter seed 300000: cov 0.73 complete=0 return=0 crash=0 steps_to_cover=-1
  frontier/clutter seed 300001: cov 0.20 complete=0 return=0 crash=0 steps_to_cover=-1
  frontier/clutter seed 300002: cov 0.20 complete=0 return=0 crash=0 steps_to_cover=-1
  frontier/clutter seed 300003: cov 0.77 complete=0 return=0 crash=0 steps_to_cover=-1
  frontier/clutter seed 300004: cov 0.25 complete=0 return=0 crash=0 steps_to_cover=-1
  frontier/clutter seed 300005: cov 0.68 complete=0 return=0 crash=0 steps_to_cover=-1
  frontier/clutter seed 300006: cov 0.46 complete=0 return=0 crash=0 steps_to_cover=-1
  frontier/clutter seed 300007: cov 0.27 complete=0 return=0 crash=0 steps_to_cover=-1
  frontier/clutter seed 300008: cov 0.21 complete=0 return=0 crash=0 steps_to_cover=-1
  frontier/clutter seed 300009: cov 0.45 complete=0 return=0 crash=0 steps_to_cover=-1
  frontier/clutter seed 300010: cov 0.38 complete=0 return=0 crash=0 steps_to_cover=-1
  frontier/clutter seed 300011: cov 0.22 complete=0 return=0 crash=0 steps_to_cover=-1

[coverage] frontier/clutter n=12 thr=0.99
  coverage 0.401 | complete 0.000 | return|done 0.000 | collision 0.000 | steps_to_cover(med) -1
[coverage] wrote experiments/coverage_v1/ceiling_frontier_clutter.json
