/Users/hans.chen/miniforge3/envs/microdrone-wm/lib/python3.12/site-packages/gym_pybullet_drones/envs/BaseAviary.py:7: UserWarning: pkg_resources is deprecated as an API. See https://setuptools.pypa.io/en/latest/pkg_resources.html. The pkg_resources package is slated for removal as early as 2025-11-30. Refrain from using this package or pin to Setuptools<81.
  import pkg_resources
pybullet build time: Oct 21 2025 16:30:45
/Users/hans.chen/miniforge3/envs/microdrone-wm/lib/python3.12/site-packages/gymnasium/spaces/box.py:236: UserWarning: [33mWARN: Box low's precision lowered by casting to float32, current low.dtype=float64[0m
  gym.logger.warn(
/Users/hans.chen/miniforge3/envs/microdrone-wm/lib/python3.12/site-packages/gymnasium/spaces/box.py:306: UserWarning: [33mWARN: Box high's precision lowered by casting to float32, current high.dtype=float64[0m
  gym.logger.warn(
[INFO] BaseAviary.__init__() loaded parameters from the drone's .urdf:
[INFO] m 0.027000, L 0.039700,
[INFO] ixx 0.000014, iyy 0.000014, izz 0.000022,
[INFO] kf 3.160000e-10, km 7.940000e-12,
[INFO] t2w 2.250000, max_speed_kmh 30.000000,
[INFO] gnd_eff_coeff 11.368590, prop_radius 0.023135,
[INFO] drag_xy_coeff 0.000001, drag_z_coeff 0.000001,
[INFO] dw_coeff_1 2267.180000, dw_coeff_2 0.160000, dw_coeff_3 -0.110000
  frontier seed 180000: found=1 success=1 cov=0.79 steps_to_find=249 crash=0
  frontier seed 180001: found=1 success=1 cov=0.80 steps_to_find=287 crash=0
  frontier seed 180002: found=1 success=1 cov=0.65 steps_to_find=188 crash=0
  frontier seed 180003: found=1 success=1 cov=0.67 steps_to_find=198 crash=0
  frontier seed 180004: found=1 success=1 cov=0.52 steps_to_find=149 crash=0
  frontier seed 180005: found=1 success=1 cov=0.60 steps_to_find=187 crash=0
  frontier seed 180006: found=1 success=1 cov=0.60 steps_to_find=185 crash=0
  frontier seed 180007: found=1 success=1 cov=0.78 steps_to_find=239 crash=0
  frontier seed 180008: found=1 success=1 cov=0.69 steps_to_find=218 crash=0
  frontier seed 180009: found=1 success=1 cov=0.63 steps_to_find=187 crash=0
  frontier seed 180010: found=1 success=1 cov=0.59 steps_to_find=197 crash=0
  frontier seed 180011: found=1 success=1 cov=0.57 steps_to_find=157 crash=0
  frontier seed 180012: found=0 success=0 cov=0.78 steps_to_find=-1 crash=0
  frontier seed 180013: found=1 success=1 cov=0.77 steps_to_find=236 crash=0
  frontier seed 180014: found=1 success=1 cov=0.61 steps_to_find=186 crash=0
  frontier seed 180015: found=1 success=1 cov=0.66 steps_to_find=210 crash=0
  frontier seed 180016: found=1 success=1 cov=0.67 steps_to_find=213 crash=0
  frontier seed 180017: found=1 success=1 cov=0.60 steps_to_find=165 crash=0
  frontier seed 180018: found=1 success=1 cov=0.60 steps_to_find=167 crash=0
  frontier seed 180019: found=0 success=0 cov=0.78 steps_to_find=-1 crash=0
  frontier seed 180020: found=1 success=1 cov=0.66 steps_to_find=203 crash=0
  frontier seed 180021: found=1 success=1 cov=0.65 steps_to_find=191 crash=0
  frontier seed 180022: found=1 success=1 cov=0.62 steps_to_find=186 crash=0
  frontier seed 180023: found=1 success=1 cov=0.54 steps_to_find=162 crash=0
  frontier seed 180024: found=1 success=1 cov=0.77 steps_to_find=246 crash=0
  frontier seed 180025: found=1 success=1 cov=0.60 steps_to_find=171 crash=0
  frontier seed 180026: found=1 success=1 cov=0.66 steps_to_find=210 crash=0
  frontier seed 180027: found=1 success=1 cov=0.52 steps_to_find=151 crash=0
  frontier seed 180028: found=1 success=1 cov=0.56 steps_to_find=161 crash=0
  frontier seed 180029: found=1 success=1 cov=0.65 steps_to_find=196 crash=0
  [geometric] collision 0.000  find 0.933  return 1.000
[INFO] BaseAviary.__init__() loaded parameters from the drone's .urdf:
[INFO] m 0.027000, L 0.039700,
[INFO] ixx 0.000014, iyy 0.000014, izz 0.000022,
[INFO] kf 3.160000e-10, km 7.940000e-12,
[INFO] t2w 2.250000, max_speed_kmh 30.000000,
[INFO] gnd_eff_coeff 11.368590, prop_radius 0.023135,
[INFO] drag_xy_coeff 0.000001, drag_z_coeff 0.000001,
[INFO] dw_coeff_1 2267.180000, dw_coeff_2 0.160000, dw_coeff_3 -0.110000
  frontier seed 180000: found=1 success=1 cov=0.79 steps_to_find=249 crash=0
  frontier seed 180001: found=1 success=1 cov=0.80 steps_to_find=287 crash=0
  frontier seed 180002: found=1 success=1 cov=0.65 steps_to_find=188 crash=0
  frontier seed 180003: found=1 success=1 cov=0.67 steps_to_find=198 crash=0
  frontier seed 180004: found=1 success=1 cov=0.52 steps_to_find=149 crash=0
  frontier seed 180005: found=1 success=1 cov=0.60 steps_to_find=187 crash=0
  frontier seed 180006: found=1 success=0 cov=0.60 steps_to_find=185 crash=0
  frontier seed 180007: found=1 success=1 cov=0.78 steps_to_find=239 crash=0
  frontier seed 180008: found=1 success=1 cov=0.69 steps_to_find=218 crash=0
  frontier seed 180009: found=1 success=1 cov=0.63 steps_to_find=187 crash=0
  frontier seed 180010: found=1 success=1 cov=0.59 steps_to_find=186 crash=0
  frontier seed 180011: found=1 success=1 cov=0.57 steps_to_find=157 crash=0
  frontier seed 180012: found=0 success=0 cov=0.78 steps_to_find=-1 crash=0
  frontier seed 180013: found=1 success=1 cov=0.77 steps_to_find=236 crash=0
  frontier seed 180014: found=1 success=1 cov=0.61 steps_to_find=186 crash=0
  frontier seed 180015: found=1 success=1 cov=0.66 steps_to_find=210 crash=0
  frontier seed 180016: found=1 success=1 cov=0.67 steps_to_find=213 crash=0
  frontier seed 180017: found=1 success=1 cov=0.60 steps_to_find=165 crash=0
  frontier seed 180018: found=1 success=1 cov=0.60 steps_to_find=167 crash=0
  frontier seed 180019: found=0 success=0 cov=0.78 steps_to_find=-1 crash=0
  frontier seed 180020: found=1 success=1 cov=0.66 steps_to_find=203 crash=0
  frontier seed 180021: found=1 success=1 cov=0.65 steps_to_find=191 crash=0
  frontier seed 180022: found=1 success=1 cov=0.62 steps_to_find=186 crash=0
  frontier seed 180023: found=1 success=1 cov=0.54 steps_to_find=162 crash=0
  frontier seed 180024: found=1 success=1 cov=0.77 steps_to_find=246 crash=0
  frontier seed 180025: found=1 success=1 cov=0.60 steps_to_find=171 crash=0
  frontier seed 180026: found=1 success=1 cov=0.66 steps_to_find=210 crash=0
  frontier seed 180027: found=1 success=1 cov=0.52 steps_to_find=151 crash=0
  frontier seed 180028: found=1 success=1 cov=0.56 steps_to_find=161 crash=0
  frontier seed 180029: found=1 success=1 cov=0.65 steps_to_find=196 crash=0
  [beams8] collision 0.000  find 0.933  return 0.964

[beam-ablation] n=30 seed0=180000 (same rooms, all filters)
  filter        collision    find   return
  geometric         0.000   0.933    1.000
  beams8            0.000   0.933    0.964
