/Users/hans.chen/miniforge3/envs/microdrone-wm/lib/python3.12/site-packages/gym_pybullet_drones/envs/BaseAviary.py:7: UserWarning: pkg_resources is deprecated as an API. See https://setuptools.pypa.io/en/latest/pkg_resources.html. The pkg_resources package is slated for removal as early as 2025-11-30. Refrain from using this package or pin to Setuptools<81.
  import pkg_resources
pybullet build time: Oct 21 2025 16:30:45
/Users/hans.chen/miniforge3/envs/microdrone-wm/lib/python3.12/site-packages/gymnasium/spaces/box.py:236: UserWarning: [33mWARN: Box low's precision lowered by casting to float32, current low.dtype=float64[0m
  gym.logger.warn(
/Users/hans.chen/miniforge3/envs/microdrone-wm/lib/python3.12/site-packages/gymnasium/spaces/box.py:306: UserWarning: [33mWARN: Box high's precision lowered by casting to float32, current high.dtype=float64[0m
  gym.logger.warn(
[INFO] BaseAviary.__init__() loaded parameters from the drone's .urdf:
[INFO] m 0.027000, L 0.039700,
[INFO] ixx 0.000014, iyy 0.000014, izz 0.000022,
[INFO] kf 3.160000e-10, km 7.940000e-12,
[INFO] t2w 2.250000, max_speed_kmh 30.000000,
[INFO] gnd_eff_coeff 11.368590, prop_radius 0.023135,
[INFO] drag_xy_coeff 0.000001, drag_z_coeff 0.000001,
[INFO] dw_coeff_1 2267.180000, dw_coeff_2 0.160000, dw_coeff_3 -0.110000
  frontier seed 160000: found=0 success=0 cov=0.60 steps_to_find=-1 crash=0
  frontier seed 160001: found=1 success=1 cov=0.61 steps_to_find=124 crash=0
  frontier seed 160002: found=1 success=1 cov=0.59 steps_to_find=123 crash=0
  frontier seed 160003: found=1 success=1 cov=0.62 steps_to_find=136 crash=0
  frontier seed 160004: found=1 success=1 cov=0.62 steps_to_find=125 crash=0
  frontier seed 160005: found=1 success=1 cov=0.72 steps_to_find=152 crash=0
  frontier seed 160006: found=1 success=1 cov=0.88 steps_to_find=202 crash=0
  frontier seed 160007: found=1 success=1 cov=0.78 steps_to_find=183 crash=0
  frontier seed 160008: found=1 success=1 cov=0.82 steps_to_find=196 crash=0
  frontier seed 160009: found=1 success=1 cov=0.82 steps_to_find=186 crash=0
  frontier seed 160010: found=1 success=1 cov=0.81 steps_to_find=259 crash=0
  frontier seed 160011: found=1 success=1 cov=0.78 steps_to_find=195 crash=0
  [beams4] collision 0.000  find 0.917  return 1.000
[INFO] BaseAviary.__init__() loaded parameters from the drone's .urdf:
[INFO] m 0.027000, L 0.039700,
[INFO] ixx 0.000014, iyy 0.000014, izz 0.000022,
[INFO] kf 3.160000e-10, km 7.940000e-12,
[INFO] t2w 2.250000, max_speed_kmh 30.000000,
[INFO] gnd_eff_coeff 11.368590, prop_radius 0.023135,
[INFO] drag_xy_coeff 0.000001, drag_z_coeff 0.000001,
[INFO] dw_coeff_1 2267.180000, dw_coeff_2 0.160000, dw_coeff_3 -0.110000
  frontier seed 160000: found=0 success=0 cov=0.58 steps_to_find=-1 crash=0
  frontier seed 160001: found=1 success=1 cov=0.61 steps_to_find=124 crash=0
  frontier seed 160002: found=1 success=1 cov=0.59 steps_to_find=123 crash=0
  frontier seed 160003: found=1 success=1 cov=0.62 steps_to_find=136 crash=0
  frontier seed 160004: found=1 success=1 cov=0.62 steps_to_find=125 crash=0
  frontier seed 160005: found=1 success=1 cov=0.72 steps_to_find=152 crash=0
  frontier seed 160006: found=1 success=1 cov=0.88 steps_to_find=202 crash=0
  frontier seed 160007: found=1 success=1 cov=0.78 steps_to_find=183 crash=0
  frontier seed 160008: found=1 success=1 cov=0.82 steps_to_find=196 crash=0
  frontier seed 160009: found=1 success=1 cov=0.82 steps_to_find=186 crash=0
  frontier seed 160010: found=1 success=1 cov=0.81 steps_to_find=259 crash=0
  frontier seed 160011: found=1 success=1 cov=0.78 steps_to_find=195 crash=0
  [beams8] collision 0.000  find 0.917  return 1.000
[INFO] BaseAviary.__init__() loaded parameters from the drone's .urdf:
[INFO] m 0.027000, L 0.039700,
[INFO] ixx 0.000014, iyy 0.000014, izz 0.000022,
[INFO] kf 3.160000e-10, km 7.940000e-12,
[INFO] t2w 2.250000, max_speed_kmh 30.000000,
[INFO] gnd_eff_coeff 11.368590, prop_radius 0.023135,
[INFO] drag_xy_coeff 0.000001, drag_z_coeff 0.000001,
[INFO] dw_coeff_1 2267.180000, dw_coeff_2 0.160000, dw_coeff_3 -0.110000
  frontier seed 160000: found=0 success=0 cov=0.58 steps_to_find=-1 crash=0
  frontier seed 160001: found=1 success=1 cov=0.61 steps_to_find=124 crash=0
  frontier seed 160002: found=1 success=1 cov=0.59 steps_to_find=123 crash=0
  frontier seed 160003: found=1 success=1 cov=0.62 steps_to_find=136 crash=0
  frontier seed 160004: found=1 success=1 cov=0.62 steps_to_find=125 crash=0
  frontier seed 160005: found=1 success=1 cov=0.72 steps_to_find=152 crash=0
  frontier seed 160006: found=1 success=1 cov=0.88 steps_to_find=202 crash=0
  frontier seed 160007: found=1 success=1 cov=0.78 steps_to_find=183 crash=0
  frontier seed 160008: found=1 success=1 cov=0.82 steps_to_find=196 crash=0
  frontier seed 160009: found=1 success=1 cov=0.82 steps_to_find=186 crash=0
  frontier seed 160010: found=1 success=1 cov=0.81 steps_to_find=259 crash=0
  frontier seed 160011: found=1 success=1 cov=0.78 steps_to_find=195 crash=0
  [beams16] collision 0.000  find 0.917  return 1.000

[beam-ablation] n=12 seed0=160000 (same rooms, all filters)
  filter        collision    find   return
  beams4            0.000   0.917    1.000
  beams8            0.000   0.917    1.000
  beams16           0.000   0.917    1.000

  PRE-REG READ: collision beams4=0.000 -> beams8=0.000  [NO improvement (honest negative)]
