/Users/hans.chen/miniforge3/envs/microdrone-wm/lib/python3.12/site-packages/gym_pybullet_drones/envs/BaseAviary.py:7: UserWarning: pkg_resources is deprecated as an API. See https://setuptools.pypa.io/en/latest/pkg_resources.html. The pkg_resources package is slated for removal as early as 2025-11-30. Refrain from using this package or pin to Setuptools<81.
  import pkg_resources
pybullet build time: Oct 21 2025 16:30:45
/Users/hans.chen/miniforge3/envs/microdrone-wm/lib/python3.12/site-packages/gymnasium/spaces/box.py:236: UserWarning: [33mWARN: Box low's precision lowered by casting to float32, current low.dtype=float64[0m
  gym.logger.warn(
/Users/hans.chen/miniforge3/envs/microdrone-wm/lib/python3.12/site-packages/gymnasium/spaces/box.py:306: UserWarning: [33mWARN: Box high's precision lowered by casting to float32, current high.dtype=float64[0m
  gym.logger.warn(
[INFO] BaseAviary.__init__() loaded parameters from the drone's .urdf:
[INFO] m 0.027000, L 0.039700,
[INFO] ixx 0.000014, iyy 0.000014, izz 0.000022,
[INFO] kf 3.160000e-10, km 7.940000e-12,
[INFO] t2w 2.250000, max_speed_kmh 30.000000,
[INFO] gnd_eff_coeff 11.368590, prop_radius 0.023135,
[INFO] drag_xy_coeff 0.000001, drag_z_coeff 0.000001,
[INFO] dw_coeff_1 2267.180000, dw_coeff_2 0.160000, dw_coeff_3 -0.110000
  CLIP seed 140023 d211 phase=search exec=forward (proposed forward) fwd_clear=0.27
  CLIP seed 140030 d141 phase=search exec=forward (proposed forward) fwd_clear=0.29
  CLIP seed 140048 d154 phase=search exec=forward (proposed forward) fwd_clear=1.11
  CLIP seed 140083 d249 phase=search exec=strafe_right (proposed strafe_right) fwd_clear=1.76
  CLIP seed 140099 d269 phase=return exec=reverse (proposed reverse) fwd_clear=1.96
  CLIP seed 140102 d164 phase=search exec=forward (proposed forward) fwd_clear=0.28
  CLIP seed 140120 d378 phase=search exec=forward (proposed forward) fwd_clear=1.03
  CLIP seed 140158 d110 phase=search exec=forward (proposed forward) fwd_clear=0.26
  CLIP seed 140164 d125 phase=search exec=forward (proposed forward) fwd_clear=1.84
  CLIP seed 140188 d446 phase=search exec=strafe_right (proposed strafe_right) fwd_clear=0.25

[diagnose-v3] 200 episodes, 10 crashed (rate 0.050); 10 failure events (first contact per episode), 490 total contact-decisions
  FORWARD failures        : 7  (WM-forward WOULD catch 4, fwd_clear<0.7; the rest clipped a corner OUTSIDE the +-28 deg cone)
  STRAFE/REVERSE failures : 3  (camera locked +x, orthogonal to motion -> WM-forward blind)

  VERDICT INPUT: a WM-forward + rangefinder-side hybrid could prevent 4/10 = 40% of the failure events.
  The rest are lateral/reverse (3) or forward-but-off-cone (3) — geometry a +x-locked camera cannot see.
