/Users/hans.chen/miniforge3/envs/microdrone-wm/lib/python3.12/site-packages/gym_pybullet_drones/envs/BaseAviary.py:7: UserWarning: pkg_resources is deprecated as an API. See https://setuptools.pypa.io/en/latest/pkg_resources.html. The pkg_resources package is slated for removal as early as 2025-11-30. Refrain from using this package or pin to Setuptools<81.
  import pkg_resources
pybullet build time: Oct 21 2025 16:30:45
/Users/hans.chen/miniforge3/envs/microdrone-wm/lib/python3.12/site-packages/gymnasium/spaces/box.py:236: UserWarning: [33mWARN: Box low's precision lowered by casting to float32, current low.dtype=float64[0m
  gym.logger.warn(
/Users/hans.chen/miniforge3/envs/microdrone-wm/lib/python3.12/site-packages/gymnasium/spaces/box.py:306: UserWarning: [33mWARN: Box high's precision lowered by casting to float32, current high.dtype=float64[0m
  gym.logger.warn(
[INFO] BaseAviary.__init__() loaded parameters from the drone's .urdf:
[INFO] m 0.027000, L 0.039700,
[INFO] ixx 0.000014, iyy 0.000014, izz 0.000022,
[INFO] kf 3.160000e-10, km 7.940000e-12,
[INFO] t2w 2.250000, max_speed_kmh 30.000000,
[INFO] gnd_eff_coeff 11.368590, prop_radius 0.023135,
[INFO] drag_xy_coeff 0.000001, drag_z_coeff 0.000001,
[INFO] dw_coeff_1 2267.180000, dw_coeff_2 0.160000, dw_coeff_3 -0.110000
  3-room seed 250000: beacon room 3 (true 2) MISS, N 4 (true 3) MISS
  3-room seed 250001: beacon room 2 (true 2) OK, N 3 (true 3) OK
  3-room seed 250002: beacon room 4 (true 2) MISS, N 5 (true 3) MISS
  3-room seed 250005: beacon room 3 (true 2) MISS, N 4 (true 3) MISS
  3-room seed 250007: beacon room 2 (true 2) OK, N 3 (true 3) OK
  3-room seed 250008: beacon room 2 (true 2) OK, N 3 (true 3) OK
  3-room seed 250009: beacon room 3 (true 2) MISS, N 4 (true 3) MISS
  3-room seed 250010: beacon room 3 (true 2) MISS, N 4 (true 3) MISS
  3-room seed 250011: beacon room 4 (true 2) MISS, N 5 (true 3) MISS
  3-room seed 250012: beacon room 3 (true 2) MISS, N 4 (true 3) MISS
  3-room seed 250013: beacon room 4 (true 2) MISS, N 5 (true 3) MISS
  3-room seed 250014: beacon room 3 (true 2) MISS, N 4 (true 3) MISS
  3-room seed 250015: beacon room 2 (true 2) OK, N 3 (true 3) OK
  3-room seed 250016: beacon room 4 (true 2) MISS, N 5 (true 3) MISS
  3-room seed 250017: beacon room 3 (true 2) MISS, N 4 (true 3) MISS
  3-room seed 250018: beacon room 3 (true 2) MISS, N 4 (true 3) MISS
  3-room seed 250019: beacon room 3 (true 2) MISS, N 4 (true 3) MISS
  4-room seed 250000: beacon room 5 (true 3) MISS, N 6 (true 4) MISS
  4-room seed 250001: beacon room 4 (true 3) MISS, N 5 (true 4) MISS
  4-room seed 250002: beacon room 6 (true 3) MISS, N 7 (true 4) MISS
  4-room seed 250003: beacon room 5 (true 3) MISS, N 6 (true 4) MISS
  4-room seed 250004: beacon room 5 (true 3) MISS, N 6 (true 4) MISS
  4-room seed 250005: beacon room 5 (true 3) MISS, N 6 (true 4) MISS
  4-room seed 250007: beacon room 3 (true 3) OK, N 4 (true 4) OK
  4-room seed 250008: beacon room 4 (true 3) MISS, N 5 (true 4) MISS
  4-room seed 250009: beacon room 7 (true 3) MISS, N 8 (true 4) MISS
  4-room seed 250010: beacon room 6 (true 3) MISS, N 7 (true 4) MISS
  4-room seed 250011: beacon room 5 (true 3) MISS, N 6 (true 4) MISS
  4-room seed 250012: beacon room 5 (true 3) MISS, N 6 (true 4) MISS
  4-room seed 250013: beacon room 6 (true 3) MISS, N 7 (true 4) MISS
  4-room seed 250014: beacon room 5 (true 3) MISS, N 6 (true 4) MISS
  4-room seed 250015: beacon room 4 (true 3) MISS, N 5 (true 4) MISS
  4-room seed 250016: beacon room 5 (true 3) MISS, N 6 (true 4) MISS
  4-room seed 250017: beacon room 5 (true 3) MISS, N 6 (true 4) MISS
  4-room seed 250018: beacon room 5 (true 3) MISS, N 6 (true 4) MISS
  4-room seed 250019: beacon room 5 (true 3) MISS, N 6 (true 4) MISS

[room-graph] clutter=2 lane=1.0 found 36 | beacon-room acc 0.139 FAIL (bar 0.85) | room-count acc 0.139 FAIL (bar 0.85)
