/Users/hans.chen/miniforge3/envs/microdrone-wm/lib/python3.12/site-packages/gym_pybullet_drones/envs/BaseAviary.py:7: UserWarning: pkg_resources is deprecated as an API. See https://setuptools.pypa.io/en/latest/pkg_resources.html. The pkg_resources package is slated for removal as early as 2025-11-30. Refrain from using this package or pin to Setuptools<81.
  import pkg_resources
pybullet build time: Oct 21 2025 16:30:45
/Users/hans.chen/miniforge3/envs/microdrone-wm/lib/python3.12/site-packages/gymnasium/spaces/box.py:236: UserWarning: [33mWARN: Box low's precision lowered by casting to float32, current low.dtype=float64[0m
  gym.logger.warn(
/Users/hans.chen/miniforge3/envs/microdrone-wm/lib/python3.12/site-packages/gymnasium/spaces/box.py:306: UserWarning: [33mWARN: Box high's precision lowered by casting to float32, current high.dtype=float64[0m
  gym.logger.warn(
[INFO] BaseAviary.__init__() loaded parameters from the drone's .urdf:
[INFO] m 0.027000, L 0.039700,
[INFO] ixx 0.000014, iyy 0.000014, izz 0.000022,
[INFO] kf 3.160000e-10, km 7.940000e-12,
[INFO] t2w 2.250000, max_speed_kmh 30.000000,
[INFO] gnd_eff_coeff 11.368590, prop_radius 0.023135,
[INFO] drag_xy_coeff 0.000001, drag_z_coeff 0.000001,
[INFO] dw_coeff_1 2267.180000, dw_coeff_2 0.160000, dw_coeff_3 -0.110000
  3-room seed 230001: beacon room 2 (true 2) OK, N 3 (true 3) OK
  3-room seed 230002: beacon room 2 (true 2) OK, N 3 (true 3) OK
  3-room seed 230004: beacon room 2 (true 2) OK, N 3 (true 3) OK
  3-room seed 230005: beacon room 2 (true 2) OK, N 3 (true 3) OK
  3-room seed 230006: beacon room 2 (true 2) OK, N 3 (true 3) OK
  3-room seed 230007: beacon room 2 (true 2) OK, N 3 (true 3) OK
  3-room seed 230008: beacon room 2 (true 2) OK, N 3 (true 3) OK
  3-room seed 230009: beacon room 2 (true 2) OK, N 3 (true 3) OK
  3-room seed 230010: beacon room 2 (true 2) OK, N 3 (true 3) OK
  3-room seed 230011: beacon room 2 (true 2) OK, N 3 (true 3) OK
  3-room seed 230012: beacon room 2 (true 2) OK, N 3 (true 3) OK
  3-room seed 230013: beacon room 2 (true 2) OK, N 3 (true 3) OK
  3-room seed 230014: beacon room 2 (true 2) OK, N 3 (true 3) OK
  3-room seed 230015: beacon room 2 (true 2) OK, N 3 (true 3) OK
  3-room seed 230016: beacon room 2 (true 2) OK, N 3 (true 3) OK
  3-room seed 230017: beacon room 2 (true 2) OK, N 3 (true 3) OK
  3-room seed 230018: beacon room 2 (true 2) OK, N 3 (true 3) OK
  3-room seed 230019: beacon room 2 (true 2) OK, N 3 (true 3) OK
  3-room seed 230020: beacon room 2 (true 2) OK, N 3 (true 3) OK
  3-room seed 230021: beacon room 2 (true 2) OK, N 3 (true 3) OK
  3-room seed 230022: beacon room 2 (true 2) OK, N 3 (true 3) OK
  3-room seed 230023: beacon room 2 (true 2) OK, N 3 (true 3) OK
  3-room seed 230024: beacon room 2 (true 2) OK, N 3 (true 3) OK
  3-room seed 230025: beacon room 2 (true 2) OK, N 3 (true 3) OK
  3-room seed 230026: beacon room 2 (true 2) OK, N 3 (true 3) OK
  3-room seed 230027: beacon room 2 (true 2) OK, N 3 (true 3) OK
  3-room seed 230028: beacon room 2 (true 2) OK, N 3 (true 3) OK
  3-room seed 230029: beacon room 2 (true 2) OK, N 3 (true 3) OK
  4-room seed 230000: beacon room 3 (true 3) OK, N 4 (true 4) OK
  4-room seed 230001: beacon room 3 (true 3) OK, N 4 (true 4) OK
  4-room seed 230002: beacon room 3 (true 3) OK, N 4 (true 4) OK
  4-room seed 230003: beacon room 3 (true 3) OK, N 4 (true 4) OK
  4-room seed 230004: beacon room 3 (true 3) OK, N 4 (true 4) OK
  4-room seed 230005: beacon room 3 (true 3) OK, N 4 (true 4) OK
  4-room seed 230006: beacon room 3 (true 3) OK, N 4 (true 4) OK
  4-room seed 230008: beacon room 3 (true 3) OK, N 4 (true 4) OK
  4-room seed 230009: beacon room 3 (true 3) OK, N 4 (true 4) OK
  4-room seed 230010: beacon room 3 (true 3) OK, N 4 (true 4) OK
  4-room seed 230011: beacon room 3 (true 3) OK, N 4 (true 4) OK
  4-room seed 230012: beacon room 3 (true 3) OK, N 4 (true 4) OK
  4-room seed 230013: beacon room 3 (true 3) OK, N 4 (true 4) OK
  4-room seed 230014: beacon room 3 (true 3) OK, N 4 (true 4) OK
  4-room seed 230015: beacon room 3 (true 3) OK, N 4 (true 4) OK
  4-room seed 230016: beacon room 3 (true 3) OK, N 4 (true 4) OK
  4-room seed 230017: beacon room 3 (true 3) OK, N 4 (true 4) OK
  4-room seed 230018: beacon room 3 (true 3) OK, N 4 (true 4) OK
  4-room seed 230019: beacon room 3 (true 3) OK, N 4 (true 4) OK
  4-room seed 230020: beacon room 3 (true 3) OK, N 4 (true 4) OK
  4-room seed 230021: beacon room 3 (true 3) OK, N 4 (true 4) OK
  4-room seed 230022: beacon room 3 (true 3) OK, N 4 (true 4) OK
  4-room seed 230023: beacon room 3 (true 3) OK, N 4 (true 4) OK
  4-room seed 230024: beacon room 3 (true 3) OK, N 4 (true 4) OK
  4-room seed 230025: beacon room 3 (true 3) OK, N 4 (true 4) OK
  4-room seed 230026: beacon room 3 (true 3) OK, N 4 (true 4) OK
  4-room seed 230027: beacon room 3 (true 3) OK, N 4 (true 4) OK
  4-room seed 230028: beacon room 3 (true 3) OK, N 4 (true 4) OK
  4-room seed 230029: beacon room 3 (true 3) OK, N 4 (true 4) OK

[room-graph] found 57 episodes | beacon-room acc 1.000 PASS (bar 0.85) | room-count acc 1.000 PASS (bar 0.85)
